[debug] [2024-10-01T08:02:03.209Z] : 
[debug] [2024-10-01T08:02:03.214Z] : ----------------------------------------------------------------------
[debug] [2024-10-01T08:02:03.215Z] : Command:      /Users/derrick-ken0017/.nvm/versions/node/v20.16.0/bin/node /Users/derrick-ken0017/.nvm/versions/node/v20.16.0/bin/catalyst serve
[debug] [2024-10-01T08:02:03.215Z] : CLI Version:  1.17.6
[debug] [2024-10-01T08:02:03.215Z] : Platform:     darwin
[debug] [2024-10-01T08:02:03.215Z] : Node Version: v20.16.0
[debug] [2024-10-01T08:02:03.215Z] : Time:         Tue Oct 01 2024 11:02:03 GMT+0300 (East Africa Time)
[debug] [2024-10-01T08:02:03.215Z] : ----------------------------------------------------------------------
[debug] [2024-10-01T08:02:03.215Z] : 
[debug] [2024-10-01T08:02:03.632Z] : > authorizing via signed-in user option
[debug] [2024-10-01T08:02:03.633Z] : > command requires scopes: ["ZohoCatalyst.projects.ALL","ZohoCatalyst.functions.ALL","ZohoCatalyst.functions.EXECUTE","ZohoCatalyst.webapp.ALL","ZohoCatalyst.pdfshot.execute","ZohoCatalyst.authentication.CREATE"]
[debug] [2024-10-01T08:02:03.638Z] : >>>> HTTP REQUEST : GET https://api.catalyst.zoho.com/baas/v1/project/27864000000015054 

[debug] [2024-10-01T08:02:04.619Z] : <<<< HTTP RESPONSE : 200
Response Headers: {"server":"ZGS","date":"Tue, 01 Oct 2024 08:02:04 GMT","content-type":"application/vnd.catalyst.v2+json","transfer-encoding":"chunked","connection":"keep-alive","set-cookie":["zalb_46512fd555=c3d5ec374d3dc932973a3d50f55d8d00; Path=/; Secure; HttpOnly","ZD_CSRF_TOKEN=d05a86b4-2049-4f3d-a443-1b9bcdc74e66;path=/;SameSite=None;Secure;priority=high","_zcsr_tmp=d05a86b4-2049-4f3d-a443-1b9bcdc74e66;path=/;SameSite=Strict;Secure;priority=high"],"x-content-type-options":"nosniff","x-xss-protection":"1","cache-control":"private,no-cache,no-store,max-age=0,must-revalidate","pragma":"no-cache","expires":"Thu, 01 Jan 1970 00:00:00 GMT","x-frame-options":"DENY","strict-transport-security":"max-age=63072000"}

[debug] [2024-10-01T08:02:04.622Z] : >>>> HTTP REQUEST : GET https://api.catalyst.zoho.com/baas/v1/project/27864000000015054/environment 

[debug] [2024-10-01T08:02:05.215Z] : <<<< HTTP RESPONSE : 200
Response Headers: {"server":"ZGS","date":"Tue, 01 Oct 2024 08:02:04 GMT","content-type":"application/vnd.catalyst.v2+json","transfer-encoding":"chunked","connection":"keep-alive","set-cookie":["zalb_46512fd555=4ead9897700827f973c0f7dbded7f673; Path=/; Secure; HttpOnly","ZD_CSRF_TOKEN=5c34a312-4791-4973-a8ba-a55a269cb015;path=/;SameSite=None;Secure;priority=high","_zcsr_tmp=5c34a312-4791-4973-a8ba-a55a269cb015;path=/;SameSite=Strict;Secure;priority=high"],"x-content-type-options":"nosniff","x-xss-protection":"1","cache-control":"private,no-cache,no-store,max-age=0,must-revalidate","pragma":"no-cache","expires":"Thu, 01 Jan 1970 00:00:00 GMT","x-frame-options":"DENY","strict-transport-security":"max-age=63072000"}

[debug] [2024-10-01T08:02:05.349Z] : >>>> HTTP REQUEST : GET https://api.catalyst.zoho.com/baas/v1/project/27864000000015054/function 
Query params: {"type":"basicio,event,cron,applogic,integration,browser_logic"}

[debug] [2024-10-01T08:02:05.971Z] : <<<< HTTP RESPONSE : 200
Response Headers: {"server":"ZGS","date":"Tue, 01 Oct 2024 08:02:05 GMT","content-type":"application/vnd.catalyst.v2+json","transfer-encoding":"chunked","connection":"keep-alive","set-cookie":["zalb_46512fd555=63dd9cf89a6678b816d9580ec827ee61; Path=/; Secure; HttpOnly","ZD_CSRF_TOKEN=7dc2447a-fc10-4708-82b2-95f19414659e;path=/;SameSite=None;Secure;priority=high","_zcsr_tmp=7dc2447a-fc10-4708-82b2-95f19414659e;path=/;SameSite=Strict;Secure;priority=high"],"x-content-type-options":"nosniff","x-xss-protection":"1","cache-control":"private,no-cache,no-store,max-age=0,must-revalidate","pragma":"no-cache","expires":"Thu, 01 Jan 1970 00:00:00 GMT","x-frame-options":"DENY","strict-transport-security":"max-age=63072000"}

[debug] [2024-10-01T08:02:05.974Z] : unknown eol undefined hence skipping check
[info] [2024-10-01T08:02:06.534Z] : 
[info] [2024-10-01T08:02:06.535Z] :  >>>>>>>>>>>>> AdvancedIO <<<<<<<<<<<< 
[info] [2024-10-01T08:02:06.535Z] : ℹ crud_function: http://localhost:3000/server/crud_function/
[info] [2024-10-01T08:02:06.535Z] : 
[info] [2024-10-01T08:09:50.463Z] : Shutting down server
[info] [2024-10-01T08:09:50.590Z] : 
[info] [2024-10-01T08:09:50.591Z] : ✔ Shutdown complete
[debug] [2024-10-01T08:09:50.592Z] : NO ERRORS REGISTERED
[debug] [2024-10-01T08:09:50.592Z] : EXEC ENDED with event: serve, message: success
[debug] [2024-10-01T08:09:50.592Z] : TOTAL DURATION OF COMMAND EXEC : 466964
[error] [2024-10-01T08:09:50.603Z] : uncaughtException: ENOENT: no such file or directory, open '/var/folders/cp/kkmt44k91c31qptp3w06k7980000gq/T/.catalyst/catalyst-http-log.json'
Error: ENOENT: no such file or directory, open '/var/folders/cp/kkmt44k91c31qptp3w06k7980000gq/T/.catalyst/catalyst-http-log.json'
[error] [2024-10-01T08:09:50.607Z] : ✖ An unexpected error has occurred.
[debug] [2024-10-01T08:09:50.607Z] : Error Stack: CatalystError: An unexpected error has occurred.
    at exports.default (/Users/derrick-ken0017/.nvm/versions/node/v20.16.0/lib/node_modules/zcatalyst-cli/lib/errorOut.js:19:17)
    at process.<anonymous> (/Users/derrick-ken0017/.nvm/versions/node/v20.16.0/lib/node_modules/zcatalyst-cli/lib/bin/catalyst.js:87:28)
    at process.emit (node:events:531:35)
    at process.processEmit [as emit] (/Users/derrick-ken0017/.nvm/versions/node/v20.16.0/lib/node_modules/zcatalyst-cli/node_modules/signal-exit/index.js:199:34)
    at process._fatalException (node:internal/process/execution:188:25)
[debug] [2024-10-01T08:09:50.607Z] : Original Error: Error: ENOENT: no such file or directory, open '/var/folders/cp/kkmt44k91c31qptp3w06k7980000gq/T/.catalyst/catalyst-http-log.json'
[debug] [2024-10-01T08:09:50.607Z] : Error Status: 500
[info] [2024-10-01T08:09:50.607Z] : Kindly contact Catalyst support [support@zohocatalyst.com] if you need any further assistance
[debug] [2024-10-01T08:38:52.427Z] : 
[debug] [2024-10-01T08:38:52.432Z] : ----------------------------------------------------------------------
[debug] [2024-10-01T08:38:52.432Z] : Command:      /Users/derrick-ken0017/.nvm/versions/node/v20.16.0/bin/node /Users/derrick-ken0017/.nvm/versions/node/v20.16.0/bin/catalyst serve
[debug] [2024-10-01T08:38:52.432Z] : CLI Version:  1.17.6
[debug] [2024-10-01T08:38:52.433Z] : Platform:     darwin
[debug] [2024-10-01T08:38:52.433Z] : Node Version: v20.16.0
[debug] [2024-10-01T08:38:52.433Z] : Time:         Tue Oct 01 2024 11:38:52 GMT+0300 (East Africa Time)
[debug] [2024-10-01T08:38:52.433Z] : ----------------------------------------------------------------------
[debug] [2024-10-01T08:38:52.433Z] : 
[debug] [2024-10-01T08:38:52.835Z] : > authorizing via signed-in user option
[debug] [2024-10-01T08:38:52.835Z] : > command requires scopes: ["ZohoCatalyst.projects.ALL","ZohoCatalyst.functions.ALL","ZohoCatalyst.functions.EXECUTE","ZohoCatalyst.webapp.ALL","ZohoCatalyst.pdfshot.execute","ZohoCatalyst.authentication.CREATE"]
[debug] [2024-10-01T08:38:52.841Z] : >>>> HTTP REQUEST : GET https://api.catalyst.zoho.com/baas/v1/project/27864000000015054 

[debug] [2024-10-01T08:38:53.916Z] : <<<< HTTP RESPONSE : 200
Response Headers: {"server":"ZGS","date":"Tue, 01 Oct 2024 08:38:53 GMT","content-type":"application/vnd.catalyst.v2+json","transfer-encoding":"chunked","connection":"keep-alive","set-cookie":["zalb_46512fd555=63dd9cf89a6678b816d9580ec827ee61; Path=/; Secure; HttpOnly","ZD_CSRF_TOKEN=d7e61cfc-aee2-496b-9d0a-5a283ee22c06;path=/;SameSite=None;Secure;priority=high","_zcsr_tmp=d7e61cfc-aee2-496b-9d0a-5a283ee22c06;path=/;SameSite=Strict;Secure;priority=high"],"x-content-type-options":"nosniff","x-xss-protection":"1","cache-control":"private,no-cache,no-store,max-age=0,must-revalidate","pragma":"no-cache","expires":"Thu, 01 Jan 1970 00:00:00 GMT","x-frame-options":"DENY","strict-transport-security":"max-age=63072000"}

[debug] [2024-10-01T08:38:53.921Z] : >>>> HTTP REQUEST : GET https://api.catalyst.zoho.com/baas/v1/project/27864000000015054/environment 

[debug] [2024-10-01T08:38:54.231Z] : <<<< HTTP RESPONSE : 200
Response Headers: {"server":"ZGS","date":"Tue, 01 Oct 2024 08:38:54 GMT","content-type":"application/vnd.catalyst.v2+json","transfer-encoding":"chunked","connection":"keep-alive","set-cookie":["zalb_46512fd555=c3d5ec374d3dc932973a3d50f55d8d00; Path=/; Secure; HttpOnly","ZD_CSRF_TOKEN=44cdb2e8-2641-4a6c-8de2-1fa45dcf4b14;path=/;SameSite=None;Secure;priority=high","_zcsr_tmp=44cdb2e8-2641-4a6c-8de2-1fa45dcf4b14;path=/;SameSite=Strict;Secure;priority=high"],"x-content-type-options":"nosniff","x-xss-protection":"1","cache-control":"private,no-cache,no-store,max-age=0,must-revalidate","pragma":"no-cache","expires":"Thu, 01 Jan 1970 00:00:00 GMT","x-frame-options":"DENY","strict-transport-security":"max-age=63072000"}

[debug] [2024-10-01T08:38:54.346Z] : >>>> HTTP REQUEST : GET https://api.catalyst.zoho.com/baas/v1/project/27864000000015054/function 
Query params: {"type":"basicio,event,cron,applogic,integration,browser_logic"}

[debug] [2024-10-01T08:38:54.663Z] : <<<< HTTP RESPONSE : 200
Response Headers: {"server":"ZGS","date":"Tue, 01 Oct 2024 08:38:54 GMT","content-type":"application/vnd.catalyst.v2+json","transfer-encoding":"chunked","connection":"keep-alive","set-cookie":["zalb_46512fd555=63dd9cf89a6678b816d9580ec827ee61; Path=/; Secure; HttpOnly","ZD_CSRF_TOKEN=98444938-b941-441d-8880-9a51f3d88027;path=/;SameSite=None;Secure;priority=high","_zcsr_tmp=98444938-b941-441d-8880-9a51f3d88027;path=/;SameSite=Strict;Secure;priority=high"],"x-content-type-options":"nosniff","x-xss-protection":"1","cache-control":"private,no-cache,no-store,max-age=0,must-revalidate","pragma":"no-cache","expires":"Thu, 01 Jan 1970 00:00:00 GMT","x-frame-options":"DENY","strict-transport-security":"max-age=63072000"}

[debug] [2024-10-01T08:38:54.667Z] : unknown eol undefined hence skipping check
[info] [2024-10-01T08:38:55.233Z] : 
[info] [2024-10-01T08:38:55.233Z] :  >>>>>>>>>>>>> AdvancedIO <<<<<<<<<<<< 
[info] [2024-10-01T08:38:55.234Z] : ℹ crud_function: http://localhost:3000/server/crud_function/
[info] [2024-10-01T08:38:55.234Z] : 
[info] [2024-10-01T09:04:47.727Z] : 
change of productController.js in crud_function detected. Preparing your function, please wait...
[info] [2024-10-01T09:04:48.294Z] : ℹ AdvancedIO[crud_function]: ready!
[info] [2024-10-01T09:04:48.294Z] : ℹ AdvancedIO[crud_function]: http://localhost:3000/server/crud_function/
[info] [2024-10-01T09:17:07.785Z] : 
change of index.js in crud_function detected. Preparing your function, please wait...
[info] [2024-10-01T09:17:08.371Z] : ℹ AdvancedIO[crud_function]: ready!
[info] [2024-10-01T09:17:08.371Z] : ℹ AdvancedIO[crud_function]: http://localhost:3000/server/crud_function/
[debug] [2024-10-01T09:17:16.930Z] : > refreshing access token <
[debug] [2024-10-01T09:17:16.934Z] : >>>> HTTP REQUEST : POST https://accounts.zoho.com/oauth/v2/token 
<request body omitted>

[debug] [2024-10-01T09:17:17.860Z] : <<<< HTTP RESPONSE : 200
Response Headers: {"server":"ZGS","date":"Tue, 01 Oct 2024 09:17:17 GMT","content-type":"application/json;charset=UTF-8","content-length":"1980","connection":"keep-alive","set-cookie":["zalb_b266a5bf57=a711b6da0e6cbadb5e254290f114a026; Path=/; Secure; HttpOnly","iamcsr=aa23eaef-1014-4988-895d-4e614c3f3575;path=/;SameSite=None;Secure;priority=high","_zcsr_tmp=aa23eaef-1014-4988-895d-4e614c3f3575;path=/;SameSite=Strict;Secure;priority=high"],"cache-control":"no-store","x-content-type-options":"nosniff","pragma":"no-cache","x-frame-options":"SAMEORIGIN","vary":"accept-encoding","content-language":"en-US","strict-transport-security":"max-age=63072000"}

[info] [2024-10-01T09:17:22.627Z] : 
change of index.js in crud_function detected. Preparing your function, please wait...
[info] [2024-10-01T09:17:23.238Z] : ℹ AdvancedIO[crud_function]: ready!
[info] [2024-10-01T09:17:23.238Z] : ℹ AdvancedIO[crud_function]: http://localhost:3000/server/crud_function/
[info] [2024-10-01T09:21:09.453Z] : 
change of productController.js in crud_function detected. Preparing your function, please wait...
[info] [2024-10-01T09:21:09.997Z] : ℹ AdvancedIO[crud_function]: ready!
[info] [2024-10-01T09:21:09.997Z] : ℹ AdvancedIO[crud_function]: http://localhost:3000/server/crud_function/
[info] [2024-10-01T09:39:48.935Z] : 
addDir of controller in crud_function detected. Preparing your function, please wait...
[info] [2024-10-01T09:39:49.433Z] : ℹ AdvancedIO[crud_function]: ready!
[info] [2024-10-01T09:39:49.433Z] : ℹ AdvancedIO[crud_function]: http://localhost:3000/server/crud_function/
[info] [2024-10-01T09:39:55.960Z] : 
unlink of productController.js in crud_function detected. Preparing your function, please wait...
[info] [2024-10-01T09:39:56.666Z] : ℹ AdvancedIO[crud_function]: ready!
[info] [2024-10-01T09:39:56.666Z] : ℹ AdvancedIO[crud_function]: http://localhost:3000/server/crud_function/
[info] [2024-10-01T09:40:04.734Z] : 
change of index.js in crud_function detected. Preparing your function, please wait...
[info] [2024-10-01T09:40:05.215Z] : ℹ AdvancedIO[crud_function]: ready!
[info] [2024-10-01T09:40:05.215Z] : ℹ AdvancedIO[crud_function]: http://localhost:3000/server/crud_function/
[info] [2024-10-01T12:15:11.236Z] : 
change of controller/productController.js in crud_function detected. Preparing your function, please wait...
[info] [2024-10-01T12:15:11.805Z] : ℹ AdvancedIO[crud_function]: ready!
[info] [2024-10-01T12:15:11.805Z] : ℹ AdvancedIO[crud_function]: http://localhost:3000/server/crud_function/
[info] [2024-10-01T12:15:37.469Z] : 
change of controller/productController.js in crud_function detected. Preparing your function, please wait...
[info] [2024-10-01T12:15:37.955Z] : ℹ AdvancedIO[crud_function]: ready!
[info] [2024-10-01T12:15:37.955Z] : ℹ AdvancedIO[crud_function]: http://localhost:3000/server/crud_function/
[info] [2024-10-01T12:15:51.512Z] : 
change of controller/productController.js in crud_function detected. Preparing your function, please wait...
[info] [2024-10-01T12:15:52.016Z] : ℹ AdvancedIO[crud_function]: ready!
[info] [2024-10-01T12:15:52.016Z] : ℹ AdvancedIO[crud_function]: http://localhost:3000/server/crud_function/
[info] [2024-10-01T12:17:00.818Z] : 
change of index.js in crud_function detected. Preparing your function, please wait...
[info] [2024-10-01T12:17:05.781Z] : ℹ AdvancedIO[crud_function]: ready!
[info] [2024-10-01T12:17:05.781Z] : ℹ AdvancedIO[crud_function]: http://localhost:3000/server/crud_function/
[debug] [2024-10-01T12:19:26.420Z] : > refreshing access token <
[debug] [2024-10-01T12:19:26.424Z] : >>>> HTTP REQUEST : POST https://accounts.zoho.com/oauth/v2/token 
<request body omitted>

[debug] [2024-10-01T12:19:28.578Z] : <<<< HTTP RESPONSE : 200
Response Headers: {"server":"ZGS","date":"Tue, 01 Oct 2024 12:19:27 GMT","content-type":"application/json;charset=UTF-8","content-length":"1980","connection":"keep-alive","set-cookie":["zalb_b266a5bf57=9f371135a524e2d1f51eb9f41fa26c60; Path=/; Secure; HttpOnly","iamcsr=c9625474-e165-4cad-9b23-295239674c8b;path=/;SameSite=None;Secure;priority=high","_zcsr_tmp=c9625474-e165-4cad-9b23-295239674c8b;path=/;SameSite=Strict;Secure;priority=high"],"cache-control":"no-store","x-content-type-options":"nosniff","pragma":"no-cache","x-frame-options":"SAMEORIGIN","vary":"accept-encoding","content-language":"en-US","strict-transport-security":"max-age=63072000"}

[info] [2024-10-01T12:34:47.613Z] : 
change of controller/productController.js in crud_function detected. Preparing your function, please wait...
[info] [2024-10-01T12:34:48.161Z] : ℹ AdvancedIO[crud_function]: ready!
[info] [2024-10-01T12:34:48.161Z] : ℹ AdvancedIO[crud_function]: http://localhost:3000/server/crud_function/
[info] [2024-10-01T12:35:23.559Z] : 
change of controller/productController.js in crud_function detected. Preparing your function, please wait...
[info] [2024-10-01T12:35:24.064Z] : ℹ AdvancedIO[crud_function]: ready!
[info] [2024-10-01T12:35:24.064Z] : ℹ AdvancedIO[crud_function]: http://localhost:3000/server/crud_function/
[info] [2024-10-01T12:36:24.855Z] : 
change of controller/productController.js in crud_function detected. Preparing your function, please wait...
[info] [2024-10-01T12:36:25.421Z] : ℹ AdvancedIO[crud_function]: ready!
[info] [2024-10-01T12:36:25.421Z] : ℹ AdvancedIO[crud_function]: http://localhost:3000/server/crud_function/
[info] [2024-10-01T12:36:36.058Z] : 
change of index.js in crud_function detected. Preparing your function, please wait...
[info] [2024-10-01T12:36:36.579Z] : ℹ AdvancedIO[crud_function]: ready!
[info] [2024-10-01T12:36:36.579Z] : ℹ AdvancedIO[crud_function]: http://localhost:3000/server/crud_function/
[info] [2024-10-01T12:36:56.903Z] : Shutting down server
[info] [2024-10-01T12:36:57.004Z] : 
[info] [2024-10-01T12:36:57.004Z] : ✔ Shutdown complete
[debug] [2024-10-01T12:36:57.004Z] : NO ERRORS REGISTERED
[debug] [2024-10-01T12:36:57.004Z] : EXEC ENDED with event: serve, message: success
[debug] [2024-10-01T12:36:57.004Z] : TOTAL DURATION OF COMMAND EXEC : 14284175
[error] [2024-10-01T12:36:57.010Z] : uncaughtException: ENOENT: no such file or directory, open '/var/folders/cp/kkmt44k91c31qptp3w06k7980000gq/T/.catalyst/catalyst-http-log.json'
Error: ENOENT: no such file or directory, open '/var/folders/cp/kkmt44k91c31qptp3w06k7980000gq/T/.catalyst/catalyst-http-log.json'
[error] [2024-10-01T12:36:57.014Z] : ✖ An unexpected error has occurred.
[debug] [2024-10-01T12:36:57.014Z] : Error Stack: CatalystError: An unexpected error has occurred.
    at exports.default (/Users/derrick-ken0017/.nvm/versions/node/v20.16.0/lib/node_modules/zcatalyst-cli/lib/errorOut.js:19:17)
    at process.<anonymous> (/Users/derrick-ken0017/.nvm/versions/node/v20.16.0/lib/node_modules/zcatalyst-cli/lib/bin/catalyst.js:87:28)
    at process.emit (node:events:531:35)
    at process.processEmit [as emit] (/Users/derrick-ken0017/.nvm/versions/node/v20.16.0/lib/node_modules/zcatalyst-cli/node_modules/signal-exit/index.js:199:34)
    at process._fatalException (node:internal/process/execution:188:25)
[debug] [2024-10-01T12:36:57.014Z] : Original Error: Error: ENOENT: no such file or directory, open '/var/folders/cp/kkmt44k91c31qptp3w06k7980000gq/T/.catalyst/catalyst-http-log.json'
[debug] [2024-10-01T12:36:57.014Z] : Error Status: 500
[info] [2024-10-01T12:36:57.014Z] : Kindly contact Catalyst support [support@zohocatalyst.com] if you need any further assistance
[debug] [2024-10-01T12:37:02.508Z] : 
[debug] [2024-10-01T12:37:02.511Z] : ----------------------------------------------------------------------
[debug] [2024-10-01T12:37:02.511Z] : Command:      /Users/derrick-ken0017/.nvm/versions/node/v20.16.0/bin/node /Users/derrick-ken0017/.nvm/versions/node/v20.16.0/bin/catalyst serve
[debug] [2024-10-01T12:37:02.511Z] : CLI Version:  1.17.6
[debug] [2024-10-01T12:37:02.512Z] : Platform:     darwin
[debug] [2024-10-01T12:37:02.512Z] : Node Version: v20.16.0
[debug] [2024-10-01T12:37:02.512Z] : Time:         Tue Oct 01 2024 15:37:02 GMT+0300 (East Africa Time)
[debug] [2024-10-01T12:37:02.512Z] : ----------------------------------------------------------------------
[debug] [2024-10-01T12:37:02.512Z] : 
[debug] [2024-10-01T12:37:02.922Z] : > authorizing via signed-in user option
[debug] [2024-10-01T12:37:02.922Z] : > command requires scopes: ["ZohoCatalyst.projects.ALL","ZohoCatalyst.functions.ALL","ZohoCatalyst.functions.EXECUTE","ZohoCatalyst.webapp.ALL","ZohoCatalyst.pdfshot.execute","ZohoCatalyst.authentication.CREATE"]
[debug] [2024-10-01T12:37:02.928Z] : >>>> HTTP REQUEST : GET https://api.catalyst.zoho.com/baas/v1/project/27864000000015054 

[debug] [2024-10-01T12:37:04.087Z] : <<<< HTTP RESPONSE : 200
Response Headers: {"server":"ZGS","date":"Tue, 01 Oct 2024 12:37:04 GMT","content-type":"application/vnd.catalyst.v2+json","transfer-encoding":"chunked","connection":"keep-alive","set-cookie":["zalb_46512fd555=bbdfb771565421abbe10f7a180903d28; Path=/; Secure; HttpOnly","ZD_CSRF_TOKEN=d916f59c-84ba-42a3-80a9-0d8754c0c4a4;path=/;SameSite=None;Secure;priority=high","_zcsr_tmp=d916f59c-84ba-42a3-80a9-0d8754c0c4a4;path=/;SameSite=Strict;Secure;priority=high"],"x-content-type-options":"nosniff","x-xss-protection":"1","cache-control":"private,no-cache,no-store,max-age=0,must-revalidate","pragma":"no-cache","expires":"Thu, 01 Jan 1970 00:00:00 GMT","x-frame-options":"DENY","strict-transport-security":"max-age=63072000"}

[debug] [2024-10-01T12:37:04.088Z] : >>>> HTTP REQUEST : GET https://api.catalyst.zoho.com/baas/v1/project/27864000000015054/environment 

[debug] [2024-10-01T12:37:04.683Z] : <<<< HTTP RESPONSE : 200
Response Headers: {"server":"ZGS","date":"Tue, 01 Oct 2024 12:37:04 GMT","content-type":"application/vnd.catalyst.v2+json","transfer-encoding":"chunked","connection":"keep-alive","set-cookie":["zalb_46512fd555=63dd9cf89a6678b816d9580ec827ee61; Path=/; Secure; HttpOnly","ZD_CSRF_TOKEN=abd838a0-5b49-4fab-8652-748363907ff5;path=/;SameSite=None;Secure;priority=high","_zcsr_tmp=abd838a0-5b49-4fab-8652-748363907ff5;path=/;SameSite=Strict;Secure;priority=high"],"x-content-type-options":"nosniff","x-xss-protection":"1","cache-control":"private,no-cache,no-store,max-age=0,must-revalidate","pragma":"no-cache","expires":"Thu, 01 Jan 1970 00:00:00 GMT","x-frame-options":"DENY","strict-transport-security":"max-age=63072000"}

[debug] [2024-10-01T12:37:04.867Z] : >>>> HTTP REQUEST : GET https://api.catalyst.zoho.com/baas/v1/project/27864000000015054/function 
Query params: {"type":"basicio,event,cron,applogic,integration,browser_logic"}

[debug] [2024-10-01T12:37:05.239Z] : <<<< HTTP RESPONSE : 200
Response Headers: {"server":"ZGS","date":"Tue, 01 Oct 2024 12:37:05 GMT","content-type":"application/vnd.catalyst.v2+json","transfer-encoding":"chunked","connection":"keep-alive","set-cookie":["zalb_46512fd555=4ead9897700827f973c0f7dbded7f673; Path=/; Secure; HttpOnly","ZD_CSRF_TOKEN=dd35196a-4380-4100-b61e-c7a1d14cd97c;path=/;SameSite=None;Secure;priority=high","_zcsr_tmp=dd35196a-4380-4100-b61e-c7a1d14cd97c;path=/;SameSite=Strict;Secure;priority=high"],"x-content-type-options":"nosniff","x-xss-protection":"1","cache-control":"private,no-cache,no-store,max-age=0,must-revalidate","pragma":"no-cache","expires":"Thu, 01 Jan 1970 00:00:00 GMT","x-frame-options":"DENY","strict-transport-security":"max-age=63072000"}

[debug] [2024-10-01T12:37:05.242Z] : unknown eol undefined hence skipping check
[info] [2024-10-01T12:37:05.716Z] : 
[info] [2024-10-01T12:37:05.716Z] :  >>>>>>>>>>>>> AdvancedIO <<<<<<<<<<<< 
[info] [2024-10-01T12:37:05.717Z] : ℹ crud_function: http://localhost:3000/server/crud_function/
[info] [2024-10-01T12:37:05.717Z] : 
[info] [2024-10-01T12:41:36.255Z] : 
change of index.js in crud_function detected. Preparing your function, please wait...
[info] [2024-10-01T12:41:36.826Z] : ℹ AdvancedIO[crud_function]: ready!
[info] [2024-10-01T12:41:36.826Z] : ℹ AdvancedIO[crud_function]: http://localhost:3000/server/crud_function/
[info] [2024-10-01T12:41:46.631Z] : 
change of controller/productController.js in crud_function detected. Preparing your function, please wait...
[info] [2024-10-01T12:41:47.152Z] : ℹ AdvancedIO[crud_function]: ready!
[info] [2024-10-01T12:41:47.153Z] : ℹ AdvancedIO[crud_function]: http://localhost:3000/server/crud_function/
[info] [2024-10-01T12:41:59.855Z] : 
change of controller/productController.js in crud_function detected. Preparing your function, please wait...
[info] [2024-10-01T12:42:00.356Z] : ℹ AdvancedIO[crud_function]: ready!
[info] [2024-10-01T12:42:00.356Z] : ℹ AdvancedIO[crud_function]: http://localhost:3000/server/crud_function/
[info] [2024-10-01T12:42:15.705Z] : 
change of controller/productController.js in crud_function detected. Preparing your function, please wait...
[info] [2024-10-01T12:42:16.207Z] : ℹ AdvancedIO[crud_function]: ready!
[info] [2024-10-01T12:42:16.207Z] : ℹ AdvancedIO[crud_function]: http://localhost:3000/server/crud_function/
[info] [2024-10-01T12:43:23.259Z] : 
change of index.js in crud_function detected. Preparing your function, please wait...
[debug] [2024-10-01T12:43:23.269Z] : Connection reset from target URL :  Url {
  protocol: 'http:',
  slashes: true,
  auth: null,
  host: '127.0.0.1:4000',
  port: '4000',
  hostname: '127.0.0.1',
  hash: null,
  search: null,
  query: null,
  pathname: '/',
  path: '/',
  href: 'http://127.0.0.1:4000/'
}
[info] [2024-10-01T12:43:23.810Z] : ℹ AdvancedIO[crud_function]: ready!
[info] [2024-10-01T12:43:23.810Z] : ℹ AdvancedIO[crud_function]: http://localhost:3000/server/crud_function/
[info] [2024-10-01T12:43:54.365Z] : 
change of controller/productController.js in crud_function detected. Preparing your function, please wait...
[info] [2024-10-01T12:43:54.896Z] : ℹ AdvancedIO[crud_function]: ready!
[info] [2024-10-01T12:43:54.896Z] : ℹ AdvancedIO[crud_function]: http://localhost:3000/server/crud_function/
[info] [2024-10-01T12:49:47.747Z] : 
change of controller/productController.js in crud_function detected. Preparing your function, please wait...
[info] [2024-10-01T12:49:48.295Z] : ℹ AdvancedIO[crud_function]: ready!
[info] [2024-10-01T12:49:48.295Z] : ℹ AdvancedIO[crud_function]: http://localhost:3000/server/crud_function/
[info] [2024-10-01T12:53:20.358Z] : 
change of controller/productController.js in crud_function detected. Preparing your function, please wait...
[info] [2024-10-01T12:53:25.464Z] : ℹ AdvancedIO[crud_function]: ready!
[info] [2024-10-01T12:53:25.464Z] : ℹ AdvancedIO[crud_function]: http://localhost:3000/server/crud_function/
[info] [2024-10-01T13:15:54.957Z] : 
change of controller/productController.js in crud_function detected. Preparing your function, please wait...
[info] [2024-10-01T13:15:55.665Z] : ℹ AdvancedIO[crud_function]: ready!
[info] [2024-10-01T13:15:55.665Z] : ℹ AdvancedIO[crud_function]: http://localhost:3000/server/crud_function/
[info] [2024-10-01T13:16:41.072Z] : 
change of index.js in crud_function detected. Preparing your function, please wait...
[info] [2024-10-01T13:16:41.609Z] : ℹ AdvancedIO[crud_function]: ready!
[info] [2024-10-01T13:16:41.609Z] : ℹ AdvancedIO[crud_function]: http://localhost:3000/server/crud_function/
[info] [2024-10-01T13:19:15.173Z] : 
change of index.js in crud_function detected. Preparing your function, please wait...
[info] [2024-10-01T13:19:15.687Z] : ℹ AdvancedIO[crud_function]: ready!
[info] [2024-10-01T13:19:15.687Z] : ℹ AdvancedIO[crud_function]: http://localhost:3000/server/crud_function/
[debug] [2024-10-01T13:19:43.373Z] : > refreshing access token <
[debug] [2024-10-01T13:19:43.377Z] : >>>> HTTP REQUEST : POST https://accounts.zoho.com/oauth/v2/token 
<request body omitted>

[debug] [2024-10-01T13:19:44.665Z] : <<<< HTTP RESPONSE : 200
Response Headers: {"server":"ZGS","date":"Tue, 01 Oct 2024 13:19:44 GMT","content-type":"application/json;charset=UTF-8","content-length":"1980","connection":"keep-alive","set-cookie":["zalb_b266a5bf57=a711b6da0e6cbadb5e254290f114a026; Path=/; Secure; HttpOnly","iamcsr=229e875f-849a-4448-acb2-735915662da1;path=/;SameSite=None;Secure;priority=high","_zcsr_tmp=229e875f-849a-4448-acb2-735915662da1;path=/;SameSite=Strict;Secure;priority=high"],"cache-control":"no-store","x-content-type-options":"nosniff","pragma":"no-cache","x-frame-options":"SAMEORIGIN","vary":"accept-encoding","content-language":"en-US","strict-transport-security":"max-age=63072000"}

